Build started 22/04/2015 12:47:46.
     1>Project "C:\Beeldverwerking\beeldverwerking\ProjectX\ProjectX\ProjectX.vcxproj" on node 2 (Build target(s)).
     1>C:\Program Files (x86)\MSBuild\Microsoft.Cpp\v4.0\V120\Microsoft.CppBuild.targets(388,5): warning MSB8028: The intermediate directory (Release\) contains files shared from another project (Beeldverwerking1.vcxproj).  This can lead to incorrect clean and rebuild behavior.
     1>ClCompile:
         C:\Program Files (x86)\Microsoft Visual Studio 12.0\VC\bin\CL.exe /c /IC:\opencv\build\x86\vc12\..\..\include /Zi /nologo /W3 /WX- /sdl /O2 /Oi /Oy- /GL /D _MBCS /Gm- /EHsc /MD /GS /Gy /fp:precise /Zc:wchar_t /Zc:forScope /Fo"Release\\" /Fd"Release\vc120.pdb" /Gd /TP /analyze- /errorReport:prompt frederik\Source.cpp frederik\functions.cpp
         Source.cpp
         functions.cpp
     1>c:\beeldverwerking\beeldverwerking\projectx\projectx\frederik\linehandler.h(90): warning C4244: 'initializing' : conversion from 'double' to 'int', possible loss of data
     1>c:\beeldverwerking\beeldverwerking\projectx\projectx\frederik\linehandler.h(91): warning C4244: 'argument' : conversion from 'float' to 'int', possible loss of data
     1>c:\beeldverwerking\beeldverwerking\projectx\projectx\frederik\linehandler.h(92): warning C4244: 'argument' : conversion from 'float' to 'int', possible loss of data
     1>c:\beeldverwerking\beeldverwerking\projectx\projectx\frederik\linehandler.h(111): warning C4018: '>' : signed/unsigned mismatch
     1>frederik\functions.cpp(90): warning C4244: 'argument' : conversion from 'float' to 'int', possible loss of data
     1>frederik\functions.cpp(92): warning C4244: 'argument' : conversion from 'float' to 'int', possible loss of data
     1>frederik\functions.cpp(308): warning C4244: 'argument' : conversion from 'float' to 'int', possible loss of data
     1>frederik\functions.cpp(310): warning C4244: 'argument' : conversion from 'float' to 'int', possible loss of data
     1>frederik\functions.cpp(348): warning C4244: 'argument' : conversion from 'float' to 'int', possible loss of data
     1>frederik\functions.cpp(350): warning C4244: 'argument' : conversion from 'float' to 'int', possible loss of data
       Link:
         C:\Program Files (x86)\Microsoft Visual Studio 12.0\VC\bin\link.exe /ERRORREPORT:PROMPT /OUT:"C:\Beeldverwerking\beeldverwerking\ProjectX\Release\ProjectX.exe" /NOLOGO /LIBPATH:C:\opencv\build\x86\vc12\lib opencv_ts300d.lib opencv_world300d.lib kernel32.lib user32.lib gdi32.lib winspool.lib comdlg32.lib advapi32.lib shell32.lib ole32.lib oleaut32.lib uuid.lib odbc32.lib odbccp32.lib /MANIFEST /MANIFESTUAC:"level='asInvoker' uiAccess='false'" /manifest:embed /DEBUG /PDB:"C:\Beeldverwerking\beeldverwerking\ProjectX\Release\ProjectX.pdb" /OPT:REF /OPT:ICF /LTCG /TLBID:1 /DYNAMICBASE /NXCOMPAT /IMPLIB:"C:\Beeldverwerking\beeldverwerking\ProjectX\Release\ProjectX.lib" /MACHINE:X86 /SAFESEH Release\functions.obj
         Release\Source.obj
         Release\projectx.obj
         Generating code
         Finished generating code
         ProjectX.vcxproj -> C:\Beeldverwerking\beeldverwerking\ProjectX\Release\ProjectX.exe
     1>Done Building Project "C:\Beeldverwerking\beeldverwerking\ProjectX\ProjectX\ProjectX.vcxproj" (Build target(s)).

Build succeeded.

Time Elapsed 00:00:02.41
