Build started 22/04/2015 15:18:48.
     1>Project "C:\Beeldverwerking\beeldverwerking\ProjectX\ProjectX\ProjectX.vcxproj" on node 2 (Build target(s)).
     1>C:\Program Files (x86)\MSBuild\Microsoft.Cpp\v4.0\V120\Microsoft.CppBuild.targets(388,5): warning MSB8028: The intermediate directory (Debug\) contains files shared from another project (Beeldverwerking1.vcxproj).  This can lead to incorrect clean and rebuild behavior.
     1>ClCompile:
         C:\Program Files (x86)\Microsoft Visual Studio 12.0\VC\bin\CL.exe /c /IC:\opencv\build\x86\vc12\..\..\include /ZI /nologo /W3 /WX- /sdl /Od /Oy- /D _MBCS /Gm /EHsc /RTC1 /MDd /GS /fp:precise /Zc:wchar_t /Zc:forScope /Fo"Debug\\" /Fd"Debug\vc120.pdb" /Gd /TP /analyze- /errorReport:prompt frederik\functions.cpp frederik\Source.cpp projectx.cpp
         projectx.cpp
     1>c:\beeldverwerking\beeldverwerking\projectx\projectx\projectx.cpp(610): warning C4244: '=' : conversion from 'int' to 'float', possible loss of data
     1>c:\beeldverwerking\beeldverwerking\projectx\projectx\projectx.cpp(611): warning C4244: '=' : conversion from 'int' to 'float', possible loss of data
         Source.cpp
         functions.cpp
     1>c:\beeldverwerking\beeldverwerking\projectx\projectx\frederik\linehandler.h(90): warning C4244: 'initializing' : conversion from 'double' to 'int', possible loss of data
     1>c:\beeldverwerking\beeldverwerking\projectx\projectx\frederik\linehandler.h(91): warning C4244: 'argument' : conversion from 'float' to 'int', possible loss of data
     1>c:\beeldverwerking\beeldverwerking\projectx\projectx\frederik\linehandler.h(92): warning C4244: 'argument' : conversion from 'float' to 'int', possible loss of data
     1>c:\beeldverwerking\beeldverwerking\projectx\projectx\frederik\linehandler.h(111): warning C4018: '>' : signed/unsigned mismatch
     1>c:\beeldverwerking\beeldverwerking\projectx\projectx\frederik\linehandler.h(187): warning C4244: 'initializing' : conversion from 'int' to 'float', possible loss of data
     1>c:\beeldverwerking\beeldverwerking\projectx\projectx\frederik\functions.cpp(90): warning C4244: 'argument' : conversion from 'float' to 'int', possible loss of data
     1>c:\beeldverwerking\beeldverwerking\projectx\projectx\frederik\functions.cpp(92): warning C4244: 'argument' : conversion from 'float' to 'int', possible loss of data
     1>c:\beeldverwerking\beeldverwerking\projectx\projectx\frederik\functions.cpp(309): warning C4244: 'argument' : conversion from 'float' to 'int', possible loss of data
     1>c:\beeldverwerking\beeldverwerking\projectx\projectx\frederik\functions.cpp(311): warning C4244: 'argument' : conversion from 'float' to 'int', possible loss of data
     1>c:\beeldverwerking\beeldverwerking\projectx\projectx\frederik\functions.cpp(349): warning C4244: 'argument' : conversion from 'float' to 'int', possible loss of data
     1>c:\beeldverwerking\beeldverwerking\projectx\projectx\frederik\functions.cpp(351): warning C4244: 'argument' : conversion from 'float' to 'int', possible loss of data
         Generating Code...
       Link:
         C:\Program Files (x86)\Microsoft Visual Studio 12.0\VC\bin\link.exe /ERRORREPORT:PROMPT /OUT:"C:\Beeldverwerking\beeldverwerking\ProjectX\Debug\ProjectX.exe" /INCREMENTAL /NOLOGO /LIBPATH:C:\opencv\build\x86\vc12\lib opencv_ts300d.lib opencv_world300d.lib kernel32.lib user32.lib gdi32.lib winspool.lib comdlg32.lib advapi32.lib shell32.lib ole32.lib oleaut32.lib uuid.lib odbc32.lib odbccp32.lib /MANIFEST /MANIFESTUAC:"level='asInvoker' uiAccess='false'" /manifest:embed /DEBUG /PDB:"C:\Beeldverwerking\beeldverwerking\ProjectX\Debug\ProjectX.pdb" /TLBID:1 /DYNAMICBASE /NXCOMPAT /IMPLIB:"C:\Beeldverwerking\beeldverwerking\ProjectX\Debug\ProjectX.lib" /MACHINE:X86 Debug\functions.obj
         Debug\Source.obj
         Debug\projectx.obj
         ProjectX.vcxproj -> C:\Beeldverwerking\beeldverwerking\ProjectX\Debug\ProjectX.exe
     1>Done Building Project "C:\Beeldverwerking\beeldverwerking\ProjectX\ProjectX\ProjectX.vcxproj" (Build target(s)).

Build succeeded.

Time Elapsed 00:00:02.89
